c:\users\gmein\documents\github\lasercut\graphicsinterface\graphicsinterface\x64\debug\graphicsinterface.pch
c:\users\gmein\documents\github\lasercut\graphicsinterface\graphicsinterface\x64\debug\vc141.pdb
c:\users\gmein\documents\github\lasercut\graphicsinterface\graphicsinterface\x64\debug\vc141.idb
c:\users\gmein\documents\github\lasercut\graphicsinterface\graphicsinterface\x64\debug\stdafx.obj
c:\users\gmein\documents\github\lasercut\graphicsinterface\graphicsinterface\x64\debug\graphicsinterface.obj
c:\users\gmein\documents\github\lasercut\graphicsinterface\graphicsinterface\x64\debug\dllmain.obj
c:\users\gmein\documents\github\lasercut\graphicsinterface\x64\debug\graphicsinterface.lib
c:\users\gmein\documents\github\lasercut\graphicsinterface\x64\debug\graphicsinterface.exp
c:\users\gmein\documents\github\lasercut\graphicsinterface\x64\debug\graphicsinterface.dll
c:\users\gmein\documents\github\lasercut\graphicsinterface\x64\debug\graphicsinterface.ilk
c:\users\gmein\documents\github\lasercut\graphicsinterface\x64\debug\graphicsinterface.pdb
c:\users\gmein\documents\github\lasercut\graphicsinterface\graphicsinterface\x64\debug\graphics.0f40b267.tlog\cl.command.1.tlog
c:\users\gmein\documents\github\lasercut\graphicsinterface\graphicsinterface\x64\debug\graphics.0f40b267.tlog\cl.read.1.tlog
c:\users\gmein\documents\github\lasercut\graphicsinterface\graphicsinterface\x64\debug\graphics.0f40b267.tlog\cl.write.1.tlog
c:\users\gmein\documents\github\lasercut\graphicsinterface\graphicsinterface\x64\debug\graphics.0f40b267.tlog\graphicsinterface.write.1u.tlog
c:\users\gmein\documents\github\lasercut\graphicsinterface\graphicsinterface\x64\debug\graphics.0f40b267.tlog\link.15172.delete.1.tlog
c:\users\gmein\documents\github\lasercut\graphicsinterface\graphicsinterface\x64\debug\graphics.0f40b267.tlog\link.1772.delete.1.tlog
c:\users\gmein\documents\github\lasercut\graphicsinterface\graphicsinterface\x64\debug\graphics.0f40b267.tlog\link.5568.delete.1.tlog
c:\users\gmein\documents\github\lasercut\graphicsinterface\graphicsinterface\x64\debug\graphics.0f40b267.tlog\link.command.1.tlog
c:\users\gmein\documents\github\lasercut\graphicsinterface\graphicsinterface\x64\debug\graphics.0f40b267.tlog\link.read.1.tlog
c:\users\gmein\documents\github\lasercut\graphicsinterface\graphicsinterface\x64\debug\graphics.0f40b267.tlog\link.write.1.tlog
